0 info it worked if it ends with ok
1 verbose cli [ 'node', '/usr/bin/npm', 'run', 'test-single-run' ]
2 info using npm@2.13.2
3 info using node@v0.12.7
4 verbose run-script [ 'pretest-single-run',
4 verbose run-script   'test-single-run',
4 verbose run-script   'posttest-single-run' ]
5 info pretest-single-run angular-seed@0.0.0
6 info test-single-run angular-seed@0.0.0
7 verbose unsafe-perm in lifecycle true
8 info angular-seed@0.0.0 Failed to exec test-single-run script
9 verbose stack Error: angular-seed@0.0.0 test-single-run: `karma start karma.conf.js  --single-run`
9 verbose stack Exit status 1
9 verbose stack     at EventEmitter.<anonymous> (/usr/lib/node_modules/npm/lib/utils/lifecycle.js:214:16)
9 verbose stack     at EventEmitter.emit (events.js:110:17)
9 verbose stack     at ChildProcess.<anonymous> (/usr/lib/node_modules/npm/lib/utils/spawn.js:24:14)
9 verbose stack     at ChildProcess.emit (events.js:110:17)
9 verbose stack     at maybeClose (child_process.js:1015:16)
9 verbose stack     at Process.ChildProcess._handle.onexit (child_process.js:1087:5)
10 verbose pkgid angular-seed@0.0.0
11 verbose cwd /home/jacob/dev/poc-angular-unit-tests
12 error Linux 4.1.4-1-ARCH
13 error argv "node" "/usr/bin/npm" "run" "test-single-run"
14 error node v0.12.7
15 error npm  v2.13.2
16 error code ELIFECYCLE
17 error angular-seed@0.0.0 test-single-run: `karma start karma.conf.js  --single-run`
17 error Exit status 1
18 error Failed at the angular-seed@0.0.0 test-single-run script 'karma start karma.conf.js  --single-run'.
18 error This is most likely a problem with the angular-seed package,
18 error not with npm itself.
18 error Tell the author that this fails on your system:
18 error     karma start karma.conf.js  --single-run
18 error You can get their info via:
18 error     npm owner ls angular-seed
18 error There is likely additional logging output above.
19 verbose exit [ 1, true ]
